22:29:55,200  WARN pooling:72 - HHH10001002: Using Hibernate built-in connection pool (not for production use!)
22:30:47,661  WARN pooling:72 - HHH10001002: Using Hibernate built-in connection pool (not for production use!)
22:32:14,924  WARN pooling:72 - HHH10001002: Using Hibernate built-in connection pool (not for production use!)
23:08:55,503  WARN pooling:72 - HHH10001002: Using Hibernate built-in connection pool (not for production use!)
14:09:49,539  WARN pooling:72 - HHH10001002: Using Hibernate built-in connection pool (not for production use!)
14:11:28,763  WARN pooling:72 - HHH10001002: Using Hibernate built-in connection pool (not for production use!)
14:12:14,913  WARN pooling:72 - HHH10001002: Using Hibernate built-in connection pool (not for production use!)
14:12:40,345  WARN pooling:72 - HHH10001002: Using Hibernate built-in connection pool (not for production use!)
14:13:37,967  WARN pooling:72 - HHH10001002: Using Hibernate built-in connection pool (not for production use!)
14:16:53,862  WARN pooling:72 - HHH10001002: Using Hibernate built-in connection pool (not for production use!)
14:17:32,554  WARN pooling:72 - HHH10001002: Using Hibernate built-in connection pool (not for production use!)
14:18:48,372  WARN pooling:72 - HHH10001002: Using Hibernate built-in connection pool (not for production use!)
14:19:22,949  WARN pooling:72 - HHH10001002: Using Hibernate built-in connection pool (not for production use!)
14:24:00,691  WARN pooling:72 - HHH10001002: Using Hibernate built-in connection pool (not for production use!)
14:24:52,808  WARN pooling:72 - HHH10001002: Using Hibernate built-in connection pool (not for production use!)
14:29:54,263  WARN pooling:72 - HHH10001002: Using Hibernate built-in connection pool (not for production use!)
14:30:36,552  WARN pooling:72 - HHH10001002: Using Hibernate built-in connection pool (not for production use!)
14:31:02,327  WARN pooling:72 - HHH10001002: Using Hibernate built-in connection pool (not for production use!)
14:37:56,301  WARN pooling:72 - HHH10001002: Using Hibernate built-in connection pool (not for production use!)
14:38:26,821  WARN pooling:72 - HHH10001002: Using Hibernate built-in connection pool (not for production use!)
16:26:43,655  WARN pooling:72 - HHH10001002: Using Hibernate built-in connection pool (not for production use!)
19:14:32,354  WARN pooling:72 - HHH10001002: Using Hibernate built-in connection pool (not for production use!)
19:15:43,947  WARN pooling:72 - HHH10001002: Using Hibernate built-in connection pool (not for production use!)
19:16:36,833  WARN pooling:72 - HHH10001002: Using Hibernate built-in connection pool (not for production use!)
19:17:37,669  WARN pooling:72 - HHH10001002: Using Hibernate built-in connection pool (not for production use!)
19:20:45,173  WARN pooling:72 - HHH10001002: Using Hibernate built-in connection pool (not for production use!)
19:32:49,101  WARN pooling:72 - HHH10001002: Using Hibernate built-in connection pool (not for production use!)
19:33:54,189  WARN pooling:72 - HHH10001002: Using Hibernate built-in connection pool (not for production use!)
19:34:18,669  WARN pooling:72 - HHH10001002: Using Hibernate built-in connection pool (not for production use!)
19:42:00,119  WARN pooling:72 - HHH10001002: Using Hibernate built-in connection pool (not for production use!)
19:44:15,280  WARN pooling:72 - HHH10001002: Using Hibernate built-in connection pool (not for production use!)
20:08:01,616  WARN pooling:72 - HHH10001002: Using Hibernate built-in connection pool (not for production use!)
20:21:59,699  WARN pooling:72 - HHH10001002: Using Hibernate built-in connection pool (not for production use!)
20:22:28,779  WARN pooling:72 - HHH10001002: Using Hibernate built-in connection pool (not for production use!)
20:22:52,072  WARN pooling:72 - HHH10001002: Using Hibernate built-in connection pool (not for production use!)
20:24:54,292  WARN pooling:72 - HHH10001002: Using Hibernate built-in connection pool (not for production use!)
20:25:47,337  WARN pooling:72 - HHH10001002: Using Hibernate built-in connection pool (not for production use!)
20:27:07,114  WARN pooling:72 - HHH10001002: Using Hibernate built-in connection pool (not for production use!)
20:29:37,781  WARN pooling:72 - HHH10001002: Using Hibernate built-in connection pool (not for production use!)
20:31:35,447  WARN pooling:72 - HHH10001002: Using Hibernate built-in connection pool (not for production use!)
20:33:32,680  WARN pooling:72 - HHH10001002: Using Hibernate built-in connection pool (not for production use!)
20:34:31,882  WARN pooling:72 - HHH10001002: Using Hibernate built-in connection pool (not for production use!)
20:35:59,956  WARN pooling:72 - HHH10001002: Using Hibernate built-in connection pool (not for production use!)
20:48:20,508  WARN pooling:72 - HHH10001002: Using Hibernate built-in connection pool (not for production use!)
20:49:45,853  WARN pooling:72 - HHH10001002: Using Hibernate built-in connection pool (not for production use!)
20:52:12,705  WARN pooling:72 - HHH10001002: Using Hibernate built-in connection pool (not for production use!)
20:54:21,342  WARN pooling:72 - HHH10001002: Using Hibernate built-in connection pool (not for production use!)
20:59:31,152  WARN pooling:72 - HHH10001002: Using Hibernate built-in connection pool (not for production use!)
20:59:45,217  WARN pooling:72 - HHH10001002: Using Hibernate built-in connection pool (not for production use!)
12:59:03,781  WARN pooling:72 - HHH10001002: Using Hibernate built-in connection pool (not for production use!)
14:41:26,760  WARN pooling:72 - HHH10001002: Using Hibernate built-in connection pool (not for production use!)
14:44:17,760  WARN pooling:72 - HHH10001002: Using Hibernate built-in connection pool (not for production use!)
11:43:22,727  WARN pooling:72 - HHH10001002: Using Hibernate built-in connection pool (not for production use!)
11:50:23,721  WARN pooling:72 - HHH10001002: Using Hibernate built-in connection pool (not for production use!)
11:51:49,847  WARN pooling:72 - HHH10001002: Using Hibernate built-in connection pool (not for production use!)
11:52:43,401  WARN pooling:72 - HHH10001002: Using Hibernate built-in connection pool (not for production use!)
11:54:18,438  WARN pooling:72 - HHH10001002: Using Hibernate built-in connection pool (not for production use!)
11:55:25,381  WARN pooling:72 - HHH10001002: Using Hibernate built-in connection pool (not for production use!)
11:56:10,862  WARN pooling:72 - HHH10001002: Using Hibernate built-in connection pool (not for production use!)
11:57:36,605  WARN pooling:72 - HHH10001002: Using Hibernate built-in connection pool (not for production use!)
12:00:19,680  WARN pooling:72 - HHH10001002: Using Hibernate built-in connection pool (not for production use!)
12:05:10,445  WARN pooling:72 - HHH10001002: Using Hibernate built-in connection pool (not for production use!)
17:17:13,352  WARN pooling:72 - HHH10001002: Using Hibernate built-in connection pool (not for production use!)
17:21:16,956  WARN pooling:72 - HHH10001002: Using Hibernate built-in connection pool (not for production use!)
17:24:39,579  WARN pooling:72 - HHH10001002: Using Hibernate built-in connection pool (not for production use!)
17:27:21,769  WARN pooling:72 - HHH10001002: Using Hibernate built-in connection pool (not for production use!)
17:29:07,605  WARN pooling:72 - HHH10001002: Using Hibernate built-in connection pool (not for production use!)
17:32:06,342  WARN pooling:72 - HHH10001002: Using Hibernate built-in connection pool (not for production use!)
17:38:24,074  WARN pooling:72 - HHH10001002: Using Hibernate built-in connection pool (not for production use!)
18:01:21,733  WARN pooling:72 - HHH10001002: Using Hibernate built-in connection pool (not for production use!)
18:06:20,151  WARN pooling:72 - HHH10001002: Using Hibernate built-in connection pool (not for production use!)
18:09:30,550  WARN pooling:72 - HHH10001002: Using Hibernate built-in connection pool (not for production use!)
19:00:07,907  WARN pooling:72 - HHH10001002: Using Hibernate built-in connection pool (not for production use!)
19:01:09,120  WARN pooling:72 - HHH10001002: Using Hibernate built-in connection pool (not for production use!)
19:01:36,437  WARN pooling:72 - HHH10001002: Using Hibernate built-in connection pool (not for production use!)
19:37:48,663  WARN pooling:72 - HHH10001002: Using Hibernate built-in connection pool (not for production use!)
19:40:27,936  WARN pooling:72 - HHH10001002: Using Hibernate built-in connection pool (not for production use!)
19:41:07,473  WARN pooling:72 - HHH10001002: Using Hibernate built-in connection pool (not for production use!)
19:46:58,999  WARN pooling:72 - HHH10001002: Using Hibernate built-in connection pool (not for production use!)
19:47:48,624  WARN pooling:72 - HHH10001002: Using Hibernate built-in connection pool (not for production use!)
19:50:40,715  WARN pooling:72 - HHH10001002: Using Hibernate built-in connection pool (not for production use!)
19:50:42,621  WARN SqlExceptionHelper:137 - SQL Error: 0, SQLState: 23505
19:50:42,621 ERROR SqlExceptionHelper:142 - ERROR: duplicate key value violates unique constraint "address_pkey"
  Подробности: Key (person_id)=(1) already exists.
19:57:11,488  WARN pooling:72 - HHH10001002: Using Hibernate built-in connection pool (not for production use!)
20:03:12,401  WARN pooling:72 - HHH10001002: Using Hibernate built-in connection pool (not for production use!)
20:18:56,229  WARN pooling:72 - HHH10001002: Using Hibernate built-in connection pool (not for production use!)
20:21:31,707  WARN pooling:72 - HHH10001002: Using Hibernate built-in connection pool (not for production use!)
20:22:30,661  WARN pooling:72 - HHH10001002: Using Hibernate built-in connection pool (not for production use!)
20:23:55,444  WARN pooling:72 - HHH10001002: Using Hibernate built-in connection pool (not for production use!)
20:24:19,505  WARN pooling:72 - HHH10001002: Using Hibernate built-in connection pool (not for production use!)
20:25:16,865  WARN pooling:72 - HHH10001002: Using Hibernate built-in connection pool (not for production use!)
20:25:34,782  WARN pooling:72 - HHH10001002: Using Hibernate built-in connection pool (not for production use!)
20:25:50,623  WARN pooling:72 - HHH10001002: Using Hibernate built-in connection pool (not for production use!)
20:26:06,540  WARN pooling:72 - HHH10001002: Using Hibernate built-in connection pool (not for production use!)
20:28:25,557  WARN pooling:72 - HHH10001002: Using Hibernate built-in connection pool (not for production use!)
21:38:39,955  WARN pooling:72 - HHH10001002: Using Hibernate built-in connection pool (not for production use!)
21:40:10,397  WARN pooling:72 - HHH10001002: Using Hibernate built-in connection pool (not for production use!)
21:44:12,589  WARN pooling:72 - HHH10001002: Using Hibernate built-in connection pool (not for production use!)
21:44:14,349  WARN SqlExceptionHelper:137 - SQL Error: 0, SQLState: 23502
21:44:14,349 ERROR SqlExceptionHelper:142 - ERROR: null value in column "person_id" violates not-null constraint
  Подробности: Failing row contains (1, null, OGVEKCXCAE, MNAGPANCGE, 89541, OLKKRWYB).
21:45:57,929  WARN pooling:72 - HHH10001002: Using Hibernate built-in connection pool (not for production use!)
21:45:59,950  WARN SqlExceptionHelper:137 - SQL Error: 0, SQLState: 23502
21:45:59,950 ERROR SqlExceptionHelper:142 - ERROR: null value in column "person_id" violates not-null constraint
  Подробности: Failing row contains (2, null, YIKFROHDRK, GDEPHYNUXI, 06898, OCROFMDN).
21:47:10,438  WARN pooling:72 - HHH10001002: Using Hibernate built-in connection pool (not for production use!)
21:47:38,865  WARN SqlExceptionHelper:137 - SQL Error: 0, SQLState: 23502
21:47:38,867 ERROR SqlExceptionHelper:142 - ERROR: null value in column "person_id" violates not-null constraint
  Подробности: Failing row contains (3, null, PUGGHVMHPR, EHAIWBAUHE, 15089, LNMYCHRE).
21:53:34,154  WARN pooling:72 - HHH10001002: Using Hibernate built-in connection pool (not for production use!)
21:53:35,952  WARN SqlExceptionHelper:137 - SQL Error: 0, SQLState: 23502
21:53:35,953 ERROR SqlExceptionHelper:142 - ERROR: null value in column "person_id" violates not-null constraint
  Подробности: Failing row contains (4, null, TKEPVQTTCP, WCWMOCNIKG, 94001, RWGRYOBP).
21:55:10,138  WARN pooling:72 - HHH10001002: Using Hibernate built-in connection pool (not for production use!)
21:55:11,972  WARN SqlExceptionHelper:137 - SQL Error: 0, SQLState: 23502
21:55:11,973 ERROR SqlExceptionHelper:142 - ERROR: null value in column "person_id" violates not-null constraint
  Подробности: Failing row contains (5, null, FAATWJWQWB, FHSFJUIQHG, 54578, PKQESQVH).
21:56:36,158  WARN pooling:72 - HHH10001002: Using Hibernate built-in connection pool (not for production use!)
21:56:37,817  WARN SqlExceptionHelper:137 - SQL Error: 0, SQLState: 23502
21:56:37,818 ERROR SqlExceptionHelper:142 - ERROR: null value in column "person_id" violates not-null constraint
  Подробности: Failing row contains (6, null, BMFCMTTPCG, LZKOGGTECZ, 05627, QIQYGVDG).
23:45:35,632  WARN pooling:72 - HHH10001002: Using Hibernate built-in connection pool (not for production use!)
23:52:43,377  WARN pooling:72 - HHH10001002: Using Hibernate built-in connection pool (not for production use!)
23:52:45,630  WARN SqlExceptionHelper:137 - SQL Error: 0, SQLState: 23502
23:52:45,631 ERROR SqlExceptionHelper:142 - ERROR: null value in column "person_id" violates not-null constraint
  Подробности: Failing row contains (7, null, LRSUULSLLC, ITRDPUWUHV, 22630, VOMTHVXG).
23:54:20,476  WARN pooling:72 - HHH10001002: Using Hibernate built-in connection pool (not for production use!)
23:55:17,768  WARN pooling:72 - HHH10001002: Using Hibernate built-in connection pool (not for production use!)
23:55:20,327  WARN SqlExceptionHelper:137 - SQL Error: 0, SQLState: 23505
23:55:20,328 ERROR SqlExceptionHelper:142 - ERROR: duplicate key value violates unique constraint "addressotm_pkey"
  Подробности: Key (address_id)=(2) already exists.
00:04:18,168  WARN pooling:72 - HHH10001002: Using Hibernate built-in connection pool (not for production use!)
00:07:26,382  WARN pooling:72 - HHH10001002: Using Hibernate built-in connection pool (not for production use!)
00:09:05,789  WARN pooling:72 - HHH10001002: Using Hibernate built-in connection pool (not for production use!)
00:09:35,133  WARN pooling:72 - HHH10001002: Using Hibernate built-in connection pool (not for production use!)
00:11:55,281  WARN pooling:72 - HHH10001002: Using Hibernate built-in connection pool (not for production use!)
00:14:05,194  WARN pooling:72 - HHH10001002: Using Hibernate built-in connection pool (not for production use!)
00:15:20,988  WARN pooling:72 - HHH10001002: Using Hibernate built-in connection pool (not for production use!)
22:15:00,122  WARN pooling:72 - HHH10001002: Using Hibernate built-in connection pool (not for production use!)
22:15:02,869  WARN SqlExceptionHelper:137 - SQL Error: 0, SQLState: 42703
22:15:02,870 ERROR SqlExceptionHelper:142 - ERROR: column "firstname" of relation "personotm" does not exist
  Позиция: 24
22:17:09,254  WARN pooling:72 - HHH10001002: Using Hibernate built-in connection pool (not for production use!)
22:17:11,220  WARN SqlExceptionHelper:137 - SQL Error: 0, SQLState: 42703
22:17:11,221 ERROR SqlExceptionHelper:142 - ERROR: column "firstname" of relation "personotm" does not exist
  Позиция: 24
22:18:11,299  WARN pooling:72 - HHH10001002: Using Hibernate built-in connection pool (not for production use!)
22:21:15,461  WARN pooling:72 - HHH10001002: Using Hibernate built-in connection pool (not for production use!)
22:21:17,921  WARN SqlExceptionHelper:137 - SQL Error: 0, SQLState: 42P01
22:21:17,922 ERROR SqlExceptionHelper:142 - ERROR: relation "personotm" does not exist
  Позиция: 13
22:22:01,731  WARN pooling:72 - HHH10001002: Using Hibernate built-in connection pool (not for production use!)
22:24:38,381  WARN pooling:72 - HHH10001002: Using Hibernate built-in connection pool (not for production use!)
22:24:40,670  WARN SqlExceptionHelper:137 - SQL Error: 0, SQLState: 42703
22:24:40,671 ERROR SqlExceptionHelper:142 - ERROR: column "city" of relation "addressotm" does not exist
  Позиция: 25
22:25:27,165  WARN pooling:72 - HHH10001002: Using Hibernate built-in connection pool (not for production use!)
22:26:57,285  WARN pooling:72 - HHH10001002: Using Hibernate built-in connection pool (not for production use!)
22:38:32,522  WARN pooling:72 - HHH10001002: Using Hibernate built-in connection pool (not for production use!)
22:43:30,821  WARN pooling:72 - HHH10001002: Using Hibernate built-in connection pool (not for production use!)
22:43:33,295  WARN SqlExceptionHelper:137 - SQL Error: 0, SQLState: 23502
22:43:33,296 ERROR SqlExceptionHelper:142 - ERROR: null value in column "person_id" violates not-null constraint
  Подробности: Failing row contains (3, null, DOTJEOXLYM, MFJAEUQCWM, 45877, SITDSKTF, null).
22:44:19,500  WARN pooling:72 - HHH10001002: Using Hibernate built-in connection pool (not for production use!)
19:13:31,785  WARN pooling:72 - HHH10001002: Using Hibernate built-in connection pool (not for production use!)
19:14:34,663  WARN pooling:72 - HHH10001002: Using Hibernate built-in connection pool (not for production use!)
19:15:29,454  WARN pooling:72 - HHH10001002: Using Hibernate built-in connection pool (not for production use!)
19:19:40,048  WARN pooling:72 - HHH10001002: Using Hibernate built-in connection pool (not for production use!)
19:20:27,985  WARN pooling:72 - HHH10001002: Using Hibernate built-in connection pool (not for production use!)
19:21:14,200  WARN pooling:72 - HHH10001002: Using Hibernate built-in connection pool (not for production use!)
19:22:02,647  WARN SqlExceptionHelper:137 - SQL Error: 0, SQLState: 23503
19:22:02,648 ERROR SqlExceptionHelper:142 - ERROR: update or delete on table "personotm" violates foreign key constraint "fk_dept" on table "addressotm"
  Подробности: Key (person_id)=(9) is still referenced from table "addressotm".
19:22:31,850  WARN pooling:72 - HHH10001002: Using Hibernate built-in connection pool (not for production use!)
19:23:05,376  WARN pooling:72 - HHH10001002: Using Hibernate built-in connection pool (not for production use!)
19:35:50,618  WARN pooling:72 - HHH10001002: Using Hibernate built-in connection pool (not for production use!)
19:36:17,791  WARN pooling:72 - HHH10001002: Using Hibernate built-in connection pool (not for production use!)
19:36:26,478  WARN SqlExceptionHelper:137 - SQL Error: 0, SQLState: 23503
19:36:26,479 ERROR SqlExceptionHelper:142 - ERROR: update or delete on table "personotm" violates foreign key constraint "fk_dept" on table "addressotm"
  Подробности: Key (person_id)=(13) is still referenced from table "addressotm".
19:41:02,969  WARN pooling:72 - HHH10001002: Using Hibernate built-in connection pool (not for production use!)
19:41:04,800  WARN SqlExceptionHelper:137 - SQL Error: 0, SQLState: 23502
19:41:04,800 ERROR SqlExceptionHelper:142 - ERROR: null value in column "person_id" violates not-null constraint
  Подробности: Failing row contains (22, null, COKNAFRTSX, BPBKHUFCRY, 64053, ZDZKSJMY, null).
19:42:36,070  WARN pooling:72 - HHH10001002: Using Hibernate built-in connection pool (not for production use!)
19:45:02,773  WARN SqlExceptionHelper:137 - SQL Error: 0, SQLState: 23502
19:45:02,775 ERROR SqlExceptionHelper:142 - ERROR: null value in column "person_id" violates not-null constraint
  Подробности: Failing row contains (23, null, HROSPGYJLA, IPOWWRVSUR, 49273, JDMTVOQV, null).
19:45:12,884  WARN pooling:72 - HHH10001002: Using Hibernate built-in connection pool (not for production use!)
19:46:16,385  WARN pooling:72 - HHH10001002: Using Hibernate built-in connection pool (not for production use!)
19:48:34,008  WARN pooling:72 - HHH10001002: Using Hibernate built-in connection pool (not for production use!)
19:48:36,336  WARN SqlExceptionHelper:137 - SQL Error: 0, SQLState: 42P01
19:48:36,337 ERROR SqlExceptionHelper:142 - ERROR: relation "hibernate_sequence" does not exist
  Позиция: 17
19:57:09,128  WARN pooling:72 - HHH10001002: Using Hibernate built-in connection pool (not for production use!)
19:57:11,585  WARN SqlExceptionHelper:137 - SQL Error: 0, SQLState: 42P01
19:57:11,586 ERROR SqlExceptionHelper:142 - ERROR: relation "catalog_seq" does not exist
  Позиция: 17
19:58:15,808  WARN pooling:72 - HHH10001002: Using Hibernate built-in connection pool (not for production use!)
19:58:46,910  WARN pooling:72 - HHH10001002: Using Hibernate built-in connection pool (not for production use!)
19:58:49,099  WARN SqlExceptionHelper:137 - SQL Error: 0, SQLState: 23502
19:58:49,100 ERROR SqlExceptionHelper:142 - ERROR: null value in column "person_id" violates not-null constraint
  Подробности: Failing row contains (25, null, FVTBKGZPRH, CUVUJGDDRI, 14407, SXNTNXST, null).
19:59:10,122  WARN pooling:72 - HHH10001002: Using Hibernate built-in connection pool (not for production use!)
19:59:23,415  WARN SqlExceptionHelper:137 - SQL Error: 0, SQLState: 23502
19:59:23,416 ERROR SqlExceptionHelper:142 - ERROR: null value in column "person_id" violates not-null constraint
  Подробности: Failing row contains (26, null, AXQAVGFEQA, WJKHJTVWGY, 60632, URFNGTZO, null).
19:59:36,856  WARN pooling:72 - HHH10001002: Using Hibernate built-in connection pool (not for production use!)
19:59:45,969  WARN SqlExceptionHelper:137 - SQL Error: 0, SQLState: 23502
19:59:45,971 ERROR SqlExceptionHelper:142 - ERROR: null value in column "person_id" violates not-null constraint
  Подробности: Failing row contains (27, null, IWLVNZMSOU, HXZIKSNHEN, 08341, XULGQPQM, null).
20:00:12,630  WARN pooling:72 - HHH10001002: Using Hibernate built-in connection pool (not for production use!)
20:00:53,316  WARN SqlExceptionHelper:137 - SQL Error: 0, SQLState: 23502
20:00:53,318 ERROR SqlExceptionHelper:142 - ERROR: null value in column "person_id" violates not-null constraint
  Подробности: Failing row contains (28, null, TPGBWDXOIC, QJSIZCLCNV, 43459, ZCWTNDAZ, null).
20:02:30,432  WARN pooling:72 - HHH10001002: Using Hibernate built-in connection pool (not for production use!)
20:02:38,102  WARN SqlExceptionHelper:137 - SQL Error: 0, SQLState: 23502
20:02:38,104 ERROR SqlExceptionHelper:142 - ERROR: null value in column "person_id" violates not-null constraint
  Подробности: Failing row contains (29, null, WJAEWGDAJK, SHIJOKUFFZ, 87577, USYWFNGG, null).
20:03:08,084  WARN pooling:72 - HHH10001002: Using Hibernate built-in connection pool (not for production use!)
20:04:30,075  WARN pooling:72 - HHH10001002: Using Hibernate built-in connection pool (not for production use!)
20:13:33,615  WARN pooling:72 - HHH10001002: Using Hibernate built-in connection pool (not for production use!)
20:18:32,409  WARN pooling:72 - HHH10001002: Using Hibernate built-in connection pool (not for production use!)
20:22:20,477  WARN pooling:72 - HHH10001002: Using Hibernate built-in connection pool (not for production use!)
21:08:24,889  WARN pooling:72 - HHH10001002: Using Hibernate built-in connection pool (not for production use!)
21:09:37,873  WARN pooling:72 - HHH10001002: Using Hibernate built-in connection pool (not for production use!)
21:10:36,138  WARN pooling:72 - HHH10001002: Using Hibernate built-in connection pool (not for production use!)
21:11:47,049  WARN pooling:72 - HHH10001002: Using Hibernate built-in connection pool (not for production use!)
21:12:01,469  WARN pooling:72 - HHH10001002: Using Hibernate built-in connection pool (not for production use!)
21:12:24,034  WARN pooling:72 - HHH10001002: Using Hibernate built-in connection pool (not for production use!)
21:13:11,096  WARN pooling:72 - HHH10001002: Using Hibernate built-in connection pool (not for production use!)
21:14:24,582  WARN pooling:72 - HHH10001002: Using Hibernate built-in connection pool (not for production use!)
21:14:37,486  WARN pooling:72 - HHH10001002: Using Hibernate built-in connection pool (not for production use!)
21:16:56,250  WARN pooling:72 - HHH10001002: Using Hibernate built-in connection pool (not for production use!)
21:17:26,834  WARN pooling:72 - HHH10001002: Using Hibernate built-in connection pool (not for production use!)
21:18:27,033  WARN pooling:72 - HHH10001002: Using Hibernate built-in connection pool (not for production use!)
21:19:51,037  WARN pooling:72 - HHH10001002: Using Hibernate built-in connection pool (not for production use!)
21:20:05,486  WARN pooling:72 - HHH10001002: Using Hibernate built-in connection pool (not for production use!)
21:20:36,197  WARN pooling:72 - HHH10001002: Using Hibernate built-in connection pool (not for production use!)
21:20:51,780  WARN pooling:72 - HHH10001002: Using Hibernate built-in connection pool (not for production use!)
21:21:34,085  WARN pooling:72 - HHH10001002: Using Hibernate built-in connection pool (not for production use!)
21:25:25,652  WARN pooling:72 - HHH10001002: Using Hibernate built-in connection pool (not for production use!)
21:25:39,567  WARN pooling:72 - HHH10001002: Using Hibernate built-in connection pool (not for production use!)
21:26:42,789  WARN pooling:72 - HHH10001002: Using Hibernate built-in connection pool (not for production use!)
21:26:44,669  WARN SqlExceptionHelper:137 - SQL Error: 0, SQLState: 23503
21:26:44,669 ERROR SqlExceptionHelper:142 - ERROR: update or delete on table "personotm" violates foreign key constraint "addressotm_person_id_fkey" on table "addressotm"
  Подробности: Key (person_id)=(13) is still referenced from table "addressotm".
21:27:39,484  WARN pooling:72 - HHH10001002: Using Hibernate built-in connection pool (not for production use!)
21:29:31,098  WARN pooling:72 - HHH10001002: Using Hibernate built-in connection pool (not for production use!)
21:30:27,761  WARN SqlExceptionHelper:137 - SQL Error: 0, SQLState: 23503
21:30:27,763 ERROR SqlExceptionHelper:142 - ERROR: update or delete on table "personotm" violates foreign key constraint "addressotm_person_id_fkey" on table "addressotm"
  Подробности: Key (person_id)=(15) is still referenced from table "addressotm".
21:32:54,610  WARN pooling:72 - HHH10001002: Using Hibernate built-in connection pool (not for production use!)
21:33:27,597  WARN pooling:72 - HHH10001002: Using Hibernate built-in connection pool (not for production use!)
22:20:13,234  WARN pooling:72 - HHH10001002: Using Hibernate built-in connection pool (not for production use!)
22:22:29,823  WARN pooling:72 - HHH10001002: Using Hibernate built-in connection pool (not for production use!)
22:26:23,937  WARN pooling:72 - HHH10001002: Using Hibernate built-in connection pool (not for production use!)
22:33:32,702  WARN pooling:72 - HHH10001002: Using Hibernate built-in connection pool (not for production use!)
22:33:48,103  WARN pooling:72 - HHH10001002: Using Hibernate built-in connection pool (not for production use!)
22:34:05,691  WARN pooling:72 - HHH10001002: Using Hibernate built-in connection pool (not for production use!)
22:34:15,280  WARN pooling:72 - HHH10001002: Using Hibernate built-in connection pool (not for production use!)
22:36:30,085  WARN pooling:72 - HHH10001002: Using Hibernate built-in connection pool (not for production use!)
22:37:10,500  WARN pooling:72 - HHH10001002: Using Hibernate built-in connection pool (not for production use!)
22:38:18,515  WARN pooling:72 - HHH10001002: Using Hibernate built-in connection pool (not for production use!)
22:38:46,777  WARN pooling:72 - HHH10001002: Using Hibernate built-in connection pool (not for production use!)
22:39:15,307  WARN pooling:72 - HHH10001002: Using Hibernate built-in connection pool (not for production use!)
22:39:39,377  WARN pooling:72 - HHH10001002: Using Hibernate built-in connection pool (not for production use!)
22:40:11,358  WARN pooling:72 - HHH10001002: Using Hibernate built-in connection pool (not for production use!)
22:43:02,693  WARN pooling:72 - HHH10001002: Using Hibernate built-in connection pool (not for production use!)
22:43:35,399  WARN pooling:72 - HHH10001002: Using Hibernate built-in connection pool (not for production use!)
22:44:25,258  WARN pooling:72 - HHH10001002: Using Hibernate built-in connection pool (not for production use!)
22:44:55,986  WARN pooling:72 - HHH10001002: Using Hibernate built-in connection pool (not for production use!)
22:47:59,260  WARN pooling:72 - HHH10001002: Using Hibernate built-in connection pool (not for production use!)
22:49:45,368  WARN pooling:72 - HHH10001002: Using Hibernate built-in connection pool (not for production use!)
22:50:35,287  WARN pooling:72 - HHH10001002: Using Hibernate built-in connection pool (not for production use!)
22:51:07,890  WARN pooling:72 - HHH10001002: Using Hibernate built-in connection pool (not for production use!)
22:53:10,085  WARN pooling:72 - HHH10001002: Using Hibernate built-in connection pool (not for production use!)
22:56:53,939  WARN pooling:72 - HHH10001002: Using Hibernate built-in connection pool (not for production use!)
22:57:24,465  WARN pooling:72 - HHH10001002: Using Hibernate built-in connection pool (not for production use!)
22:57:48,802  WARN pooling:72 - HHH10001002: Using Hibernate built-in connection pool (not for production use!)
22:58:12,876  WARN pooling:72 - HHH10001002: Using Hibernate built-in connection pool (not for production use!)
23:00:20,794  WARN pooling:72 - HHH10001002: Using Hibernate built-in connection pool (not for production use!)
23:00:45,024  WARN pooling:72 - HHH10001002: Using Hibernate built-in connection pool (not for production use!)
21:40:08,602  WARN pooling:72 - HHH10001002: Using Hibernate built-in connection pool (not for production use!)
21:41:10,337  WARN pooling:72 - HHH10001002: Using Hibernate built-in connection pool (not for production use!)
21:41:49,892  WARN pooling:72 - HHH10001002: Using Hibernate built-in connection pool (not for production use!)
21:43:29,537  WARN pooling:72 - HHH10001002: Using Hibernate built-in connection pool (not for production use!)
21:44:11,317  WARN pooling:72 - HHH10001002: Using Hibernate built-in connection pool (not for production use!)
22:25:46,563  WARN pooling:72 - HHH10001002: Using Hibernate built-in connection pool (not for production use!)
22:27:13,597  WARN pooling:72 - HHH10001002: Using Hibernate built-in connection pool (not for production use!)
22:31:58,529  WARN pooling:72 - HHH10001002: Using Hibernate built-in connection pool (not for production use!)
22:34:45,102  WARN pooling:72 - HHH10001002: Using Hibernate built-in connection pool (not for production use!)
22:35:05,325  WARN pooling:72 - HHH10001002: Using Hibernate built-in connection pool (not for production use!)
22:36:47,614  WARN pooling:72 - HHH10001002: Using Hibernate built-in connection pool (not for production use!)
22:39:23,474  WARN pooling:72 - HHH10001002: Using Hibernate built-in connection pool (not for production use!)
22:39:46,180  WARN pooling:72 - HHH10001002: Using Hibernate built-in connection pool (not for production use!)
22:42:34,608  WARN pooling:72 - HHH10001002: Using Hibernate built-in connection pool (not for production use!)
22:43:05,430  WARN pooling:72 - HHH10001002: Using Hibernate built-in connection pool (not for production use!)
22:43:28,739  WARN pooling:72 - HHH10001002: Using Hibernate built-in connection pool (not for production use!)
22:44:47,910  WARN pooling:72 - HHH10001002: Using Hibernate built-in connection pool (not for production use!)
22:45:32,427  WARN pooling:72 - HHH10001002: Using Hibernate built-in connection pool (not for production use!)
22:47:41,999  WARN pooling:72 - HHH10001002: Using Hibernate built-in connection pool (not for production use!)
22:47:52,462  WARN pooling:72 - HHH10001002: Using Hibernate built-in connection pool (not for production use!)
22:48:15,074  WARN pooling:72 - HHH10001002: Using Hibernate built-in connection pool (not for production use!)
22:48:52,639  WARN pooling:72 - HHH10001002: Using Hibernate built-in connection pool (not for production use!)
22:51:24,600  WARN pooling:72 - HHH10001002: Using Hibernate built-in connection pool (not for production use!)
22:51:55,893  WARN pooling:72 - HHH10001002: Using Hibernate built-in connection pool (not for production use!)
22:52:14,790  WARN pooling:72 - HHH10001002: Using Hibernate built-in connection pool (not for production use!)
22:52:28,613  WARN pooling:72 - HHH10001002: Using Hibernate built-in connection pool (not for production use!)
22:53:40,610  WARN pooling:72 - HHH10001002: Using Hibernate built-in connection pool (not for production use!)
22:54:00,193  WARN pooling:72 - HHH10001002: Using Hibernate built-in connection pool (not for production use!)
22:57:38,061  WARN pooling:72 - HHH10001002: Using Hibernate built-in connection pool (not for production use!)
22:58:22,788  WARN pooling:72 - HHH10001002: Using Hibernate built-in connection pool (not for production use!)
23:00:32,776  WARN pooling:72 - HHH10001002: Using Hibernate built-in connection pool (not for production use!)
23:01:01,291  WARN pooling:72 - HHH10001002: Using Hibernate built-in connection pool (not for production use!)
23:01:31,520  WARN pooling:72 - HHH10001002: Using Hibernate built-in connection pool (not for production use!)
23:03:16,423  WARN pooling:72 - HHH10001002: Using Hibernate built-in connection pool (not for production use!)
23:03:18,082  WARN SqlExceptionHelper:137 - SQL Error: 0, SQLState: 42703
23:03:18,083 ERROR SqlExceptionHelper:142 - ERROR: column "person_id" of relation "addressotm" does not exist
  Позиция: 40
23:04:07,871  WARN pooling:72 - HHH10001002: Using Hibernate built-in connection pool (not for production use!)
23:04:09,767  WARN SqlExceptionHelper:137 - SQL Error: 0, SQLState: 42703
23:04:09,768 ERROR SqlExceptionHelper:142 - ERROR: column "person_id" of relation "addressotm" does not exist
  Позиция: 40
23:04:20,786  WARN pooling:72 - HHH10001002: Using Hibernate built-in connection pool (not for production use!)
23:04:46,595  WARN pooling:72 - HHH10001002: Using Hibernate built-in connection pool (not for production use!)
21:38:48,749  WARN pooling:72 - HHH10001002: Using Hibernate built-in connection pool (not for production use!)
21:43:09,317  WARN pooling:72 - HHH10001002: Using Hibernate built-in connection pool (not for production use!)
21:43:35,174  WARN pooling:72 - HHH10001002: Using Hibernate built-in connection pool (not for production use!)
21:46:10,566  WARN pooling:72 - HHH10001002: Using Hibernate built-in connection pool (not for production use!)
21:46:37,590  WARN pooling:72 - HHH10001002: Using Hibernate built-in connection pool (not for production use!)
21:49:13,308  WARN pooling:72 - HHH10001002: Using Hibernate built-in connection pool (not for production use!)
21:49:15,134  WARN SqlExceptionHelper:137 - SQL Error: 0, SQLState: 42P01
21:49:15,134 ERROR SqlExceptionHelper:142 - ERROR: relation "location_sequence_name" does not exist
  Позиция: 17
21:56:08,398  WARN pooling:72 - HHH10001002: Using Hibernate built-in connection pool (not for production use!)
21:56:10,025  WARN SqlExceptionHelper:137 - SQL Error: 0, SQLState: 42P01
21:56:10,025 ERROR SqlExceptionHelper:142 - ERROR: relation "hibernate_sequence" does not exist
  Позиция: 17
21:56:57,375  WARN pooling:72 - HHH10001002: Using Hibernate built-in connection pool (not for production use!)
21:56:58,968  WARN SqlExceptionHelper:137 - SQL Error: 0, SQLState: 42P01
21:56:58,969 ERROR SqlExceptionHelper:142 - ERROR: relation "hibernate_sequence" does not exist
  Позиция: 17
21:57:40,592  WARN pooling:72 - HHH10001002: Using Hibernate built-in connection pool (not for production use!)
21:57:57,065  WARN pooling:72 - HHH10001002: Using Hibernate built-in connection pool (not for production use!)
21:57:58,675  WARN SqlExceptionHelper:137 - SQL Error: 0, SQLState: 42P01
21:57:58,676 ERROR SqlExceptionHelper:142 - ERROR: relation "hibernate_sequence" does not exist
  Позиция: 17
22:05:13,592  WARN pooling:72 - HHH10001002: Using Hibernate built-in connection pool (not for production use!)
22:05:15,277  WARN SqlExceptionHelper:137 - SQL Error: 0, SQLState: 42P01
22:05:15,277 ERROR SqlExceptionHelper:142 - ERROR: relation "hibernate_sequence" does not exist
  Позиция: 17
22:21:51,213  WARN pooling:72 - HHH10001002: Using Hibernate built-in connection pool (not for production use!)
22:22:17,683  WARN pooling:72 - HHH10001002: Using Hibernate built-in connection pool (not for production use!)
22:25:03,874  WARN pooling:72 - HHH10001002: Using Hibernate built-in connection pool (not for production use!)
22:34:36,536  WARN pooling:72 - HHH10001002: Using Hibernate built-in connection pool (not for production use!)
22:37:50,245  WARN pooling:72 - HHH10001002: Using Hibernate built-in connection pool (not for production use!)
22:39:03,489  WARN pooling:72 - HHH10001002: Using Hibernate built-in connection pool (not for production use!)
22:39:05,160  WARN SqlExceptionHelper:137 - SQL Error: 0, SQLState: 42P01
22:39:05,161 ERROR SqlExceptionHelper:142 - ERROR: relation "addressotm" does not exist
  Позиция: 13
22:39:25,181  WARN pooling:72 - HHH10001002: Using Hibernate built-in connection pool (not for production use!)
22:39:40,528  WARN pooling:72 - HHH10001002: Using Hibernate built-in connection pool (not for production use!)
22:50:53,944  WARN pooling:72 - HHH10001002: Using Hibernate built-in connection pool (not for production use!)
22:50:55,651  WARN SqlExceptionHelper:137 - SQL Error: 0, SQLState: 42P01
22:50:55,652 ERROR SqlExceptionHelper:142 - ERROR: relation "hibernate_sequence" does not exist
  Позиция: 17
22:52:02,822  WARN pooling:72 - HHH10001002: Using Hibernate built-in connection pool (not for production use!)
22:52:04,378  WARN SqlExceptionHelper:137 - SQL Error: 0, SQLState: 42P01
22:52:04,379 ERROR SqlExceptionHelper:142 - ERROR: relation "hibernate_sequence" does not exist
  Позиция: 17
22:52:40,641  WARN pooling:72 - HHH10001002: Using Hibernate built-in connection pool (not for production use!)
22:52:42,281  WARN SqlExceptionHelper:137 - SQL Error: 0, SQLState: 42P01
22:52:42,282 ERROR SqlExceptionHelper:142 - ERROR: relation "hibernate_sequence" does not exist
  Позиция: 17
22:59:07,967  WARN pooling:72 - HHH10001002: Using Hibernate built-in connection pool (not for production use!)
22:59:09,900  WARN SqlExceptionHelper:137 - SQL Error: 0, SQLState: 42P01
22:59:09,902 ERROR SqlExceptionHelper:142 - ERROR: relation "hibernate_sequence" does not exist
  Позиция: 17
23:00:11,273  WARN pooling:72 - HHH10001002: Using Hibernate built-in connection pool (not for production use!)
23:00:13,093  WARN SqlExceptionHelper:137 - SQL Error: 0, SQLState: 42P01
23:00:13,093 ERROR SqlExceptionHelper:142 - ERROR: relation "hibernate_sequence" does not exist
  Позиция: 17
23:01:23,072  WARN pooling:72 - HHH10001002: Using Hibernate built-in connection pool (not for production use!)
23:01:24,926  WARN SqlExceptionHelper:137 - SQL Error: 0, SQLState: 23502
23:01:24,927 ERROR SqlExceptionHelper:142 - ERROR: null value in column "person_id" violates not-null constraint
  Подробности: Failing row contains (null, VUWMUSI, CZIECYTQOW, HBANMFWPGW, 6699799655, KHIBH@JLBVMN.WA, 1952-08-30 00:00:00, 1961-03-18 00:00:00, 1966-11-29 00:00:00, 66).
23:01:56,397  WARN pooling:72 - HHH10001002: Using Hibernate built-in connection pool (not for production use!)
23:01:58,082  WARN SqlExceptionHelper:137 - SQL Error: 0, SQLState: 23502
23:01:58,083 ERROR SqlExceptionHelper:142 - ERROR: null value in column "person_id" violates not-null constraint
  Подробности: Failing row contains (null, EVJLEMK, ZYRMOLBGAR, OIINFPQXUF, 4257309785, DIICT@BESVAG.PL, 1946-04-03 00:00:00, 1960-09-11 00:00:00, 1983-10-27 00:00:00, 29).
23:06:00,205  WARN pooling:72 - HHH10001002: Using Hibernate built-in connection pool (not for production use!)
23:06:01,694  WARN SqlExceptionHelper:137 - SQL Error: 0, SQLState: 23502
23:06:01,694 ERROR SqlExceptionHelper:142 - ERROR: null value in column "person_id" violates not-null constraint
  Подробности: Failing row contains (null, QKOIAXT, PBDFYBFHEK, LPWJWRGJMZ, 2625890612, SKBAP@YXYZSF.TO, 1952-01-15 00:00:00, 1991-05-07 00:00:00, 1998-05-01 00:00:00, 37).
23:08:01,132  WARN pooling:72 - HHH10001002: Using Hibernate built-in connection pool (not for production use!)
23:08:03,190  WARN SqlExceptionHelper:137 - SQL Error: 0, SQLState: 23502
23:08:03,194 ERROR SqlExceptionHelper:142 - ERROR: null value in column "person_id" violates not-null constraint
  Подробности: Failing row contains (null, ABDYYAN, QODALGPJUF, KDFIKBWXIF, 5593354553, QLMWN@SWNBQS.VX, 1953-05-07 00:00:00, 1956-02-09 00:00:00, 1989-02-21 00:00:00, 90).
23:10:39,678  WARN pooling:72 - HHH10001002: Using Hibernate built-in connection pool (not for production use!)
23:10:41,448  WARN SqlExceptionHelper:137 - SQL Error: 0, SQLState: 23502
23:10:41,448 ERROR SqlExceptionHelper:142 - ERROR: null value in column "person_id" violates not-null constraint
  Подробности: Failing row contains (null, DNHDNDP, JKECAXTXXE, DEYWGXYKJM, 8908795528, BKNQI@TTJNTN.GD, 1940-12-08 00:00:00, 1969-03-20 00:00:00, 1993-10-22 00:00:00, 83).
23:12:05,253  WARN pooling:72 - HHH10001002: Using Hibernate built-in connection pool (not for production use!)
23:12:07,073  WARN SqlExceptionHelper:137 - SQL Error: 0, SQLState: 23502
23:12:07,074 ERROR SqlExceptionHelper:142 - ERROR: null value in column "person_id" violates not-null constraint
  Подробности: Failing row contains (null, DKTECDQ, FXTIAHEOAO, IMNZBJRTTU, 4633668331, DEEWE@VLGODQ.BL, 1972-12-11 00:00:00, 1976-02-29 00:00:00, 1979-06-02 00:00:00, 11).
23:15:15,052  WARN pooling:72 - HHH10001002: Using Hibernate built-in connection pool (not for production use!)
23:15:42,347  WARN pooling:72 - HHH10001002: Using Hibernate built-in connection pool (not for production use!)
23:16:17,956  WARN pooling:72 - HHH10001002: Using Hibernate built-in connection pool (not for production use!)
23:16:19,590  WARN SqlExceptionHelper:137 - SQL Error: 0, SQLState: 42P01
23:16:19,591 ERROR SqlExceptionHelper:142 - ERROR: relation "hibernate_sequence" does not exist
  Позиция: 17
23:18:41,170  WARN pooling:72 - HHH10001002: Using Hibernate built-in connection pool (not for production use!)
23:19:04,127  WARN pooling:72 - HHH10001002: Using Hibernate built-in connection pool (not for production use!)
23:19:05,682  WARN SqlExceptionHelper:137 - SQL Error: 0, SQLState: 23505
23:19:05,682 ERROR SqlExceptionHelper:142 - ERROR: duplicate key value violates unique constraint "personotm_pkey"
  Подробности: Key (person_id)=(0) already exists.
23:20:08,046  WARN pooling:72 - HHH10001002: Using Hibernate built-in connection pool (not for production use!)
23:20:27,982  WARN pooling:72 - HHH10001002: Using Hibernate built-in connection pool (not for production use!)
23:21:59,292  WARN pooling:72 - HHH10001002: Using Hibernate built-in connection pool (not for production use!)
23:22:00,842  WARN SqlExceptionHelper:137 - SQL Error: 0, SQLState: 23505
23:22:00,843 ERROR SqlExceptionHelper:142 - ERROR: duplicate key value violates unique constraint "personotm_pkey"
  Подробности: Key (person_id)=(1) already exists.
23:22:33,370  WARN pooling:72 - HHH10001002: Using Hibernate built-in connection pool (not for production use!)
23:22:35,226  WARN SqlExceptionHelper:137 - SQL Error: 0, SQLState: 23505
23:22:35,226 ERROR SqlExceptionHelper:142 - ERROR: duplicate key value violates unique constraint "personotm_pkey"
  Подробности: Key (person_id)=(1) already exists.
23:22:58,100  WARN pooling:72 - HHH10001002: Using Hibernate built-in connection pool (not for production use!)
23:23:00,124  WARN SqlExceptionHelper:137 - SQL Error: 0, SQLState: 23505
23:23:00,126 ERROR SqlExceptionHelper:142 - ERROR: duplicate key value violates unique constraint "personotm_pkey"
  Подробности: Key (person_id)=(1) already exists.
23:23:48,427  WARN pooling:72 - HHH10001002: Using Hibernate built-in connection pool (not for production use!)
23:24:10,077  WARN pooling:72 - HHH10001002: Using Hibernate built-in connection pool (not for production use!)
23:24:11,938  WARN SqlExceptionHelper:137 - SQL Error: 0, SQLState: 23505
23:24:11,938 ERROR SqlExceptionHelper:142 - ERROR: duplicate key value violates unique constraint "personotm_pkey"
  Подробности: Key (person_id)=(0) already exists.
23:24:43,083  WARN pooling:72 - HHH10001002: Using Hibernate built-in connection pool (not for production use!)
23:24:44,975  WARN SqlExceptionHelper:137 - SQL Error: 0, SQLState: 23505
23:24:44,976 ERROR SqlExceptionHelper:142 - ERROR: duplicate key value violates unique constraint "personotm_pkey"
  Подробности: Key (person_id)=(0) already exists.
23:25:20,113  WARN pooling:72 - HHH10001002: Using Hibernate built-in connection pool (not for production use!)
23:25:24,383  WARN SqlExceptionHelper:137 - SQL Error: 0, SQLState: 23505
23:25:24,384 ERROR SqlExceptionHelper:142 - ERROR: duplicate key value violates unique constraint "personotm_pkey"
  Подробности: Key (person_id)=(0) already exists.
23:25:39,628  WARN pooling:72 - HHH10001002: Using Hibernate built-in connection pool (not for production use!)
23:25:41,465  WARN SqlExceptionHelper:137 - SQL Error: 0, SQLState: 42P01
23:25:41,465 ERROR SqlExceptionHelper:142 - ERROR: relation "personotm" does not exist
  Позиция: 13
23:25:54,561  WARN pooling:72 - HHH10001002: Using Hibernate built-in connection pool (not for production use!)
10:35:09,480  WARN pooling:72 - HHH10001002: Using Hibernate built-in connection pool (not for production use!)
10:35:11,581  WARN SqlExceptionHelper:137 - SQL Error: 0, SQLState: 23505
10:35:11,581 ERROR SqlExceptionHelper:142 - ERROR: duplicate key value violates unique constraint "personotm_pkey"
  Подробности: Key (person_id)=(0) already exists.
10:36:37,745  WARN pooling:72 - HHH10001002: Using Hibernate built-in connection pool (not for production use!)
10:36:39,492  WARN SqlExceptionHelper:137 - SQL Error: 0, SQLState: 23505
10:36:39,493 ERROR SqlExceptionHelper:142 - ERROR: duplicate key value violates unique constraint "personotm_pkey"
  Подробности: Key (person_id)=(0) already exists.
10:37:35,597  WARN pooling:72 - HHH10001002: Using Hibernate built-in connection pool (not for production use!)
10:37:51,574  WARN pooling:72 - HHH10001002: Using Hibernate built-in connection pool (not for production use!)
10:38:34,386  WARN pooling:72 - HHH10001002: Using Hibernate built-in connection pool (not for production use!)
10:38:42,676  WARN pooling:72 - HHH10001002: Using Hibernate built-in connection pool (not for production use!)
10:39:32,300  WARN pooling:72 - HHH10001002: Using Hibernate built-in connection pool (not for production use!)
10:39:43,852  WARN pooling:72 - HHH10001002: Using Hibernate built-in connection pool (not for production use!)
10:40:43,354  WARN pooling:72 - HHH10001002: Using Hibernate built-in connection pool (not for production use!)
10:41:53,120  WARN pooling:72 - HHH10001002: Using Hibernate built-in connection pool (not for production use!)
10:42:12,394  WARN pooling:72 - HHH10001002: Using Hibernate built-in connection pool (not for production use!)
10:42:49,223  WARN pooling:72 - HHH10001002: Using Hibernate built-in connection pool (not for production use!)
10:43:57,823  WARN pooling:72 - HHH10001002: Using Hibernate built-in connection pool (not for production use!)
10:44:26,642  WARN pooling:72 - HHH10001002: Using Hibernate built-in connection pool (not for production use!)
10:44:57,263  WARN pooling:72 - HHH10001002: Using Hibernate built-in connection pool (not for production use!)
10:45:54,052  WARN pooling:72 - HHH10001002: Using Hibernate built-in connection pool (not for production use!)
10:48:31,207  WARN pooling:72 - HHH10001002: Using Hibernate built-in connection pool (not for production use!)
10:48:33,142  WARN SqlExceptionHelper:137 - SQL Error: 0, SQLState: 23503
10:48:33,143 ERROR SqlExceptionHelper:142 - ERROR: update or delete on table "personotm" violates foreign key constraint "addressotm_person_fkey" on table "addressotm"
  Подробности: Key (person_id)=(2) is still referenced from table "addressotm".
10:49:03,350  WARN pooling:72 - HHH10001002: Using Hibernate built-in connection pool (not for production use!)
10:49:05,532  WARN SqlExceptionHelper:137 - SQL Error: 0, SQLState: 23503
10:49:05,532 ERROR SqlExceptionHelper:142 - ERROR: update or delete on table "personotm" violates foreign key constraint "addressotm_person_fkey" on table "addressotm"
  Подробности: Key (person_id)=(2) is still referenced from table "addressotm".
10:49:41,526  WARN pooling:72 - HHH10001002: Using Hibernate built-in connection pool (not for production use!)
10:50:19,517  WARN pooling:72 - HHH10001002: Using Hibernate built-in connection pool (not for production use!)
10:52:28,873  WARN pooling:72 - HHH10001002: Using Hibernate built-in connection pool (not for production use!)
10:52:38,086  WARN pooling:72 - HHH10001002: Using Hibernate built-in connection pool (not for production use!)
10:53:12,804  WARN pooling:72 - HHH10001002: Using Hibernate built-in connection pool (not for production use!)
11:40:56,836  WARN pooling:72 - HHH10001002: Using Hibernate built-in connection pool (not for production use!)
11:59:07,435  WARN pooling:72 - HHH10001002: Using Hibernate built-in connection pool (not for production use!)
12:02:55,401  WARN pooling:72 - HHH10001002: Using Hibernate built-in connection pool (not for production use!)
12:03:33,084  WARN pooling:72 - HHH10001002: Using Hibernate built-in connection pool (not for production use!)
12:07:18,472  WARN pooling:72 - HHH10001002: Using Hibernate built-in connection pool (not for production use!)
12:08:40,304  WARN pooling:72 - HHH10001002: Using Hibernate built-in connection pool (not for production use!)
12:09:40,036  WARN pooling:72 - HHH10001002: Using Hibernate built-in connection pool (not for production use!)
12:10:52,071  WARN pooling:72 - HHH10001002: Using Hibernate built-in connection pool (not for production use!)
12:12:24,331  WARN pooling:72 - HHH10001002: Using Hibernate built-in connection pool (not for production use!)
12:14:58,663  WARN pooling:72 - HHH10001002: Using Hibernate built-in connection pool (not for production use!)
12:15:49,673  WARN pooling:72 - HHH10001002: Using Hibernate built-in connection pool (not for production use!)
12:16:31,755  WARN pooling:72 - HHH10001002: Using Hibernate built-in connection pool (not for production use!)
12:17:27,893  WARN pooling:72 - HHH10001002: Using Hibernate built-in connection pool (not for production use!)
12:18:36,047  WARN pooling:72 - HHH10001002: Using Hibernate built-in connection pool (not for production use!)
12:22:28,638  WARN pooling:72 - HHH10001002: Using Hibernate built-in connection pool (not for production use!)
12:22:30,642  WARN SqlExceptionHelper:137 - SQL Error: 0, SQLState: 42P01
12:22:30,642 ERROR SqlExceptionHelper:142 - ERROR: relation "personcol" does not exist
  Позиция: 403
12:22:30,649  WARN SqlExceptionHelper:137 - SQL Error: 0, SQLState: 25P02
12:22:30,650 ERROR SqlExceptionHelper:142 - The database returned ROLLBACK, so the transaction cannot be committed. Transaction failure cause is <<ERROR: relation "personcol" does not exist
  Позиция: 403>>
12:22:59,686  WARN pooling:72 - HHH10001002: Using Hibernate built-in connection pool (not for production use!)
12:23:34,515  WARN pooling:72 - HHH10001002: Using Hibernate built-in connection pool (not for production use!)
12:23:55,439  WARN pooling:72 - HHH10001002: Using Hibernate built-in connection pool (not for production use!)
12:24:28,679  WARN pooling:72 - HHH10001002: Using Hibernate built-in connection pool (not for production use!)
12:26:21,814  WARN pooling:72 - HHH10001002: Using Hibernate built-in connection pool (not for production use!)
12:32:38,266  WARN pooling:72 - HHH10001002: Using Hibernate built-in connection pool (not for production use!)
12:33:50,126  WARN pooling:72 - HHH10001002: Using Hibernate built-in connection pool (not for production use!)
12:37:11,516  WARN pooling:72 - HHH10001002: Using Hibernate built-in connection pool (not for production use!)
12:37:46,664  WARN pooling:72 - HHH10001002: Using Hibernate built-in connection pool (not for production use!)
12:38:04,124  WARN pooling:72 - HHH10001002: Using Hibernate built-in connection pool (not for production use!)
12:38:23,303  WARN pooling:72 - HHH10001002: Using Hibernate built-in connection pool (not for production use!)
12:38:49,123  WARN pooling:72 - HHH10001002: Using Hibernate built-in connection pool (not for production use!)
12:55:23,454  WARN pooling:72 - HHH10001002: Using Hibernate built-in connection pool (not for production use!)
12:57:23,855  WARN pooling:72 - HHH10001002: Using Hibernate built-in connection pool (not for production use!)
13:02:42,294  WARN pooling:72 - HHH10001002: Using Hibernate built-in connection pool (not for production use!)
13:05:17,355  WARN pooling:72 - HHH10001002: Using Hibernate built-in connection pool (not for production use!)
13:05:49,620  WARN pooling:72 - HHH10001002: Using Hibernate built-in connection pool (not for production use!)
13:18:04,305  WARN pooling:72 - HHH10001002: Using Hibernate built-in connection pool (not for production use!)
13:19:03,536  WARN pooling:72 - HHH10001002: Using Hibernate built-in connection pool (not for production use!)
13:20:05,420  WARN pooling:72 - HHH10001002: Using Hibernate built-in connection pool (not for production use!)
13:20:37,685  WARN pooling:72 - HHH10001002: Using Hibernate built-in connection pool (not for production use!)
13:27:20,425  WARN pooling:72 - HHH10001002: Using Hibernate built-in connection pool (not for production use!)
13:27:50,063  WARN pooling:72 - HHH10001002: Using Hibernate built-in connection pool (not for production use!)
13:28:10,729  WARN pooling:72 - HHH10001002: Using Hibernate built-in connection pool (not for production use!)
13:34:45,474  WARN pooling:72 - HHH10001002: Using Hibernate built-in connection pool (not for production use!)
13:35:48,820  WARN pooling:72 - HHH10001002: Using Hibernate built-in connection pool (not for production use!)
13:36:57,669  WARN pooling:72 - HHH10001002: Using Hibernate built-in connection pool (not for production use!)
13:37:48,654  WARN pooling:72 - HHH10001002: Using Hibernate built-in connection pool (not for production use!)
13:38:13,553  WARN pooling:72 - HHH10001002: Using Hibernate built-in connection pool (not for production use!)
13:38:29,470  WARN pooling:72 - HHH10001002: Using Hibernate built-in connection pool (not for production use!)
13:38:54,143  WARN pooling:72 - HHH10001002: Using Hibernate built-in connection pool (not for production use!)
20:00:35,718  WARN pooling:72 - HHH10001002: Using Hibernate built-in connection pool (not for production use!)
20:01:12,105  WARN pooling:72 - HHH10001002: Using Hibernate built-in connection pool (not for production use!)
20:01:40,025  WARN pooling:72 - HHH10001002: Using Hibernate built-in connection pool (not for production use!)
20:02:16,033  WARN pooling:72 - HHH10001002: Using Hibernate built-in connection pool (not for production use!)
20:02:53,246  WARN pooling:72 - HHH10001002: Using Hibernate built-in connection pool (not for production use!)
20:04:03,742  WARN pooling:72 - HHH10001002: Using Hibernate built-in connection pool (not for production use!)
20:05:18,696  WARN pooling:72 - HHH10001002: Using Hibernate built-in connection pool (not for production use!)
20:09:10,868  WARN pooling:72 - HHH10001002: Using Hibernate built-in connection pool (not for production use!)
20:11:03,906  WARN pooling:72 - HHH10001002: Using Hibernate built-in connection pool (not for production use!)
20:11:05,744 ERROR TableGenerator:625 - HHH000351: Could not read or init a hi value
org.postgresql.util.PSQLException: ERROR: relation "extseq" does not exist
  Позиция: 26
	at org.postgresql.core.v3.QueryExecutorImpl.receiveErrorResponse(QueryExecutorImpl.java:2578)
	at org.postgresql.core.v3.QueryExecutorImpl.processResults(QueryExecutorImpl.java:2313)
	at org.postgresql.core.v3.QueryExecutorImpl.execute(QueryExecutorImpl.java:331)
	at org.postgresql.jdbc.PgStatement.executeInternal(PgStatement.java:448)
	at org.postgresql.jdbc.PgStatement.execute(PgStatement.java:369)
	at org.postgresql.jdbc.PgPreparedStatement.executeWithFlags(PgPreparedStatement.java:159)
	at org.postgresql.jdbc.PgPreparedStatement.executeQuery(PgPreparedStatement.java:109)
	at org.hibernate.id.enhanced.TableGenerator.executeQuery(TableGenerator.java:705)
	at org.hibernate.id.enhanced.TableGenerator.access$400(TableGenerator.java:132)
	at org.hibernate.id.enhanced.TableGenerator$1$1.execute(TableGenerator.java:589)
	at org.hibernate.id.enhanced.TableGenerator$1$1.execute(TableGenerator.java:575)
	at org.hibernate.jdbc.WorkExecutor.executeReturningWork(WorkExecutor.java:55)
	at org.hibernate.jdbc.AbstractReturningWork.accept(AbstractReturningWork.java:34)
	at org.hibernate.resource.transaction.backend.jdbc.internal.JdbcIsolationDelegate.delegateWork(JdbcIsolationDelegate.java:57)
	at org.hibernate.id.enhanced.TableGenerator$1.getNextValue(TableGenerator.java:574)
	at org.hibernate.id.enhanced.PooledOptimizer.generate(PooledOptimizer.java:73)
	at org.hibernate.id.enhanced.TableGenerator.generate(TableGenerator.java:570)
	at org.hibernate.event.internal.AbstractSaveEventListener.saveWithGeneratedId(AbstractSaveEventListener.java:115)
	at org.hibernate.event.internal.DefaultSaveOrUpdateEventListener.saveWithGeneratedOrRequestedId(DefaultSaveOrUpdateEventListener.java:194)
	at org.hibernate.event.internal.DefaultSaveEventListener.saveWithGeneratedOrRequestedId(DefaultSaveEventListener.java:38)
	at org.hibernate.event.internal.DefaultSaveOrUpdateEventListener.entityIsTransient(DefaultSaveOrUpdateEventListener.java:179)
	at org.hibernate.event.internal.DefaultSaveEventListener.performSaveOrUpdate(DefaultSaveEventListener.java:32)
	at org.hibernate.event.internal.DefaultSaveOrUpdateEventListener.onSaveOrUpdate(DefaultSaveOrUpdateEventListener.java:75)
	at org.hibernate.event.service.internal.EventListenerGroupImpl.fireEventOnEachListener(EventListenerGroupImpl.java:102)
	at org.hibernate.internal.SessionImpl.fireSave(SessionImpl.java:626)
	at org.hibernate.internal.SessionImpl.save(SessionImpl.java:619)
	at org.hibernate.internal.SessionImpl.save(SessionImpl.java:614)
	at ru.jpa.Tests.TestInheritancePerson.dao.PersonExtDaoHibernate.save(PersonExtDaoHibernate.java:15)
	at ru.jpa.Tests.TestInheritancePerson.test.HibernateTestPersonExt.createPerson(HibernateTestPersonExt.java:18)
	at Main.main(Main.java:12)
20:11:05,748  WARN SqlExceptionHelper:137 - SQL Error: 0, SQLState: 42P01
20:11:05,749 ERROR SqlExceptionHelper:142 - ERROR: relation "extseq" does not exist
  Позиция: 26
20:19:51,181  WARN pooling:72 - HHH10001002: Using Hibernate built-in connection pool (not for production use!)
20:19:53,138 ERROR TableGenerator:625 - HHH000351: Could not read or init a hi value
org.postgresql.util.PSQLException: ERROR: column tbl.next_val does not exist
  Позиция: 8
	at org.postgresql.core.v3.QueryExecutorImpl.receiveErrorResponse(QueryExecutorImpl.java:2578)
	at org.postgresql.core.v3.QueryExecutorImpl.processResults(QueryExecutorImpl.java:2313)
	at org.postgresql.core.v3.QueryExecutorImpl.execute(QueryExecutorImpl.java:331)
	at org.postgresql.jdbc.PgStatement.executeInternal(PgStatement.java:448)
	at org.postgresql.jdbc.PgStatement.execute(PgStatement.java:369)
	at org.postgresql.jdbc.PgPreparedStatement.executeWithFlags(PgPreparedStatement.java:159)
	at org.postgresql.jdbc.PgPreparedStatement.executeQuery(PgPreparedStatement.java:109)
	at org.hibernate.id.enhanced.TableGenerator.executeQuery(TableGenerator.java:705)
	at org.hibernate.id.enhanced.TableGenerator.access$400(TableGenerator.java:132)
	at org.hibernate.id.enhanced.TableGenerator$1$1.execute(TableGenerator.java:589)
	at org.hibernate.id.enhanced.TableGenerator$1$1.execute(TableGenerator.java:575)
	at org.hibernate.jdbc.WorkExecutor.executeReturningWork(WorkExecutor.java:55)
	at org.hibernate.jdbc.AbstractReturningWork.accept(AbstractReturningWork.java:34)
	at org.hibernate.resource.transaction.backend.jdbc.internal.JdbcIsolationDelegate.delegateWork(JdbcIsolationDelegate.java:57)
	at org.hibernate.id.enhanced.TableGenerator$1.getNextValue(TableGenerator.java:574)
	at org.hibernate.id.enhanced.PooledOptimizer.generate(PooledOptimizer.java:73)
	at org.hibernate.id.enhanced.TableGenerator.generate(TableGenerator.java:570)
	at org.hibernate.event.internal.AbstractSaveEventListener.saveWithGeneratedId(AbstractSaveEventListener.java:115)
	at org.hibernate.event.internal.DefaultSaveOrUpdateEventListener.saveWithGeneratedOrRequestedId(DefaultSaveOrUpdateEventListener.java:194)
	at org.hibernate.event.internal.DefaultSaveEventListener.saveWithGeneratedOrRequestedId(DefaultSaveEventListener.java:38)
	at org.hibernate.event.internal.DefaultSaveOrUpdateEventListener.entityIsTransient(DefaultSaveOrUpdateEventListener.java:179)
	at org.hibernate.event.internal.DefaultSaveEventListener.performSaveOrUpdate(DefaultSaveEventListener.java:32)
	at org.hibernate.event.internal.DefaultSaveOrUpdateEventListener.onSaveOrUpdate(DefaultSaveOrUpdateEventListener.java:75)
	at org.hibernate.event.service.internal.EventListenerGroupImpl.fireEventOnEachListener(EventListenerGroupImpl.java:102)
	at org.hibernate.internal.SessionImpl.fireSave(SessionImpl.java:626)
	at org.hibernate.internal.SessionImpl.save(SessionImpl.java:619)
	at org.hibernate.internal.SessionImpl.save(SessionImpl.java:614)
	at ru.jpa.Tests.TestInheritancePerson.dao.PersonExtDaoHibernate.save(PersonExtDaoHibernate.java:15)
	at ru.jpa.Tests.TestInheritancePerson.test.HibernateTestPersonExt.createPerson(HibernateTestPersonExt.java:18)
	at Main.main(Main.java:12)
20:19:53,143  WARN SqlExceptionHelper:137 - SQL Error: 0, SQLState: 42703
20:19:53,143 ERROR SqlExceptionHelper:142 - ERROR: column tbl.next_val does not exist
  Позиция: 8
20:23:12,040  WARN pooling:72 - HHH10001002: Using Hibernate built-in connection pool (not for production use!)
20:23:13,824 ERROR TableGenerator:625 - HHH000351: Could not read or init a hi value
org.postgresql.util.PSQLException: ERROR: column tbl.next_val does not exist
  Позиция: 8
	at org.postgresql.core.v3.QueryExecutorImpl.receiveErrorResponse(QueryExecutorImpl.java:2578)
	at org.postgresql.core.v3.QueryExecutorImpl.processResults(QueryExecutorImpl.java:2313)
	at org.postgresql.core.v3.QueryExecutorImpl.execute(QueryExecutorImpl.java:331)
	at org.postgresql.jdbc.PgStatement.executeInternal(PgStatement.java:448)
	at org.postgresql.jdbc.PgStatement.execute(PgStatement.java:369)
	at org.postgresql.jdbc.PgPreparedStatement.executeWithFlags(PgPreparedStatement.java:159)
	at org.postgresql.jdbc.PgPreparedStatement.executeQuery(PgPreparedStatement.java:109)
	at org.hibernate.id.enhanced.TableGenerator.executeQuery(TableGenerator.java:705)
	at org.hibernate.id.enhanced.TableGenerator.access$400(TableGenerator.java:132)
	at org.hibernate.id.enhanced.TableGenerator$1$1.execute(TableGenerator.java:589)
	at org.hibernate.id.enhanced.TableGenerator$1$1.execute(TableGenerator.java:575)
	at org.hibernate.jdbc.WorkExecutor.executeReturningWork(WorkExecutor.java:55)
	at org.hibernate.jdbc.AbstractReturningWork.accept(AbstractReturningWork.java:34)
	at org.hibernate.resource.transaction.backend.jdbc.internal.JdbcIsolationDelegate.delegateWork(JdbcIsolationDelegate.java:57)
	at org.hibernate.id.enhanced.TableGenerator$1.getNextValue(TableGenerator.java:574)
	at org.hibernate.id.enhanced.PooledOptimizer.generate(PooledOptimizer.java:73)
	at org.hibernate.id.enhanced.TableGenerator.generate(TableGenerator.java:570)
	at org.hibernate.event.internal.AbstractSaveEventListener.saveWithGeneratedId(AbstractSaveEventListener.java:115)
	at org.hibernate.event.internal.DefaultSaveOrUpdateEventListener.saveWithGeneratedOrRequestedId(DefaultSaveOrUpdateEventListener.java:194)
	at org.hibernate.event.internal.DefaultSaveEventListener.saveWithGeneratedOrRequestedId(DefaultSaveEventListener.java:38)
	at org.hibernate.event.internal.DefaultSaveOrUpdateEventListener.entityIsTransient(DefaultSaveOrUpdateEventListener.java:179)
	at org.hibernate.event.internal.DefaultSaveEventListener.performSaveOrUpdate(DefaultSaveEventListener.java:32)
	at org.hibernate.event.internal.DefaultSaveOrUpdateEventListener.onSaveOrUpdate(DefaultSaveOrUpdateEventListener.java:75)
	at org.hibernate.event.service.internal.EventListenerGroupImpl.fireEventOnEachListener(EventListenerGroupImpl.java:102)
	at org.hibernate.internal.SessionImpl.fireSave(SessionImpl.java:626)
	at org.hibernate.internal.SessionImpl.save(SessionImpl.java:619)
	at org.hibernate.internal.SessionImpl.save(SessionImpl.java:614)
	at ru.jpa.Tests.TestInheritancePerson.dao.PersonExtDaoHibernate.save(PersonExtDaoHibernate.java:15)
	at ru.jpa.Tests.TestInheritancePerson.test.HibernateTestPersonExt.createPerson(HibernateTestPersonExt.java:18)
	at Main.main(Main.java:12)
20:23:13,841  WARN SqlExceptionHelper:137 - SQL Error: 0, SQLState: 42703
20:23:13,842 ERROR SqlExceptionHelper:142 - ERROR: column tbl.next_val does not exist
  Позиция: 8
20:24:59,774  WARN pooling:72 - HHH10001002: Using Hibernate built-in connection pool (not for production use!)
20:25:01,503 ERROR TableGenerator:625 - HHH000351: Could not read or init a hi value
org.postgresql.util.PSQLException: ERROR: relation "extseq" does not exist
  Позиция: 26
	at org.postgresql.core.v3.QueryExecutorImpl.receiveErrorResponse(QueryExecutorImpl.java:2578)
	at org.postgresql.core.v3.QueryExecutorImpl.processResults(QueryExecutorImpl.java:2313)
	at org.postgresql.core.v3.QueryExecutorImpl.execute(QueryExecutorImpl.java:331)
	at org.postgresql.jdbc.PgStatement.executeInternal(PgStatement.java:448)
	at org.postgresql.jdbc.PgStatement.execute(PgStatement.java:369)
	at org.postgresql.jdbc.PgPreparedStatement.executeWithFlags(PgPreparedStatement.java:159)
	at org.postgresql.jdbc.PgPreparedStatement.executeQuery(PgPreparedStatement.java:109)
	at org.hibernate.id.enhanced.TableGenerator.executeQuery(TableGenerator.java:705)
	at org.hibernate.id.enhanced.TableGenerator.access$400(TableGenerator.java:132)
	at org.hibernate.id.enhanced.TableGenerator$1$1.execute(TableGenerator.java:589)
	at org.hibernate.id.enhanced.TableGenerator$1$1.execute(TableGenerator.java:575)
	at org.hibernate.jdbc.WorkExecutor.executeReturningWork(WorkExecutor.java:55)
	at org.hibernate.jdbc.AbstractReturningWork.accept(AbstractReturningWork.java:34)
	at org.hibernate.resource.transaction.backend.jdbc.internal.JdbcIsolationDelegate.delegateWork(JdbcIsolationDelegate.java:57)
	at org.hibernate.id.enhanced.TableGenerator$1.getNextValue(TableGenerator.java:574)
	at org.hibernate.id.enhanced.PooledOptimizer.generate(PooledOptimizer.java:73)
	at org.hibernate.id.enhanced.TableGenerator.generate(TableGenerator.java:570)
	at org.hibernate.event.internal.AbstractSaveEventListener.saveWithGeneratedId(AbstractSaveEventListener.java:115)
	at org.hibernate.event.internal.DefaultSaveOrUpdateEventListener.saveWithGeneratedOrRequestedId(DefaultSaveOrUpdateEventListener.java:194)
	at org.hibernate.event.internal.DefaultSaveEventListener.saveWithGeneratedOrRequestedId(DefaultSaveEventListener.java:38)
	at org.hibernate.event.internal.DefaultSaveOrUpdateEventListener.entityIsTransient(DefaultSaveOrUpdateEventListener.java:179)
	at org.hibernate.event.internal.DefaultSaveEventListener.performSaveOrUpdate(DefaultSaveEventListener.java:32)
	at org.hibernate.event.internal.DefaultSaveOrUpdateEventListener.onSaveOrUpdate(DefaultSaveOrUpdateEventListener.java:75)
	at org.hibernate.event.service.internal.EventListenerGroupImpl.fireEventOnEachListener(EventListenerGroupImpl.java:102)
	at org.hibernate.internal.SessionImpl.fireSave(SessionImpl.java:626)
	at org.hibernate.internal.SessionImpl.save(SessionImpl.java:619)
	at org.hibernate.internal.SessionImpl.save(SessionImpl.java:614)
	at ru.jpa.Tests.TestInheritancePerson.dao.PersonExtDaoHibernate.save(PersonExtDaoHibernate.java:15)
	at ru.jpa.Tests.TestInheritancePerson.test.HibernateTestPersonExt.createPerson(HibernateTestPersonExt.java:18)
	at Main.main(Main.java:12)
20:25:01,509  WARN SqlExceptionHelper:137 - SQL Error: 0, SQLState: 42P01
20:25:01,510 ERROR SqlExceptionHelper:142 - ERROR: relation "extseq" does not exist
  Позиция: 26
20:25:33,173  WARN pooling:72 - HHH10001002: Using Hibernate built-in connection pool (not for production use!)
20:25:35,007  WARN SqlExceptionHelper:137 - SQL Error: 0, SQLState: 42P01
20:25:35,007 ERROR SqlExceptionHelper:142 - ERROR: relation "personbase" does not exist
  Позиция: 13
20:32:45,069  WARN pooling:72 - HHH10001002: Using Hibernate built-in connection pool (not for production use!)
20:32:46,748  WARN SqlExceptionHelper:137 - SQL Error: 0, SQLState: 42703
20:32:46,749 ERROR SqlExceptionHelper:142 - ERROR: column "city" of relation "personbase" does not exist
  Позиция: 58
20:35:20,205  WARN pooling:72 - HHH10001002: Using Hibernate built-in connection pool (not for production use!)
20:35:22,074  WARN SqlExceptionHelper:137 - SQL Error: 0, SQLState: 42703
20:35:22,075 ERROR SqlExceptionHelper:142 - ERROR: column "city" of relation "personbase" does not exist
  Позиция: 58
20:36:11,304  WARN pooling:72 - HHH10001002: Using Hibernate built-in connection pool (not for production use!)
20:36:12,958  WARN SqlExceptionHelper:137 - SQL Error: 0, SQLState: 42703
20:36:12,959 ERROR SqlExceptionHelper:142 - ERROR: column "birthdate" of relation "personbase" does not exist
  Позиция: 58
22:21:19,757  WARN pooling:72 - HHH10001002: Using Hibernate built-in connection pool (not for production use!)
22:21:22,426  WARN SqlExceptionHelper:137 - SQL Error: 0, SQLState: 42P01
22:21:22,427 ERROR SqlExceptionHelper:142 - ERROR: relation "hibernate_sequence" does not exist
  Позиция: 17
14:13:55,110  WARN pooling:72 - HHH10001002: Using Hibernate built-in connection pool (not for production use!)
14:13:55,854  WARN AnnotationBinder:922 - HHH000457: Joined inheritance hierarchy [ru.jpa.Tests.TestInheritancePerson.model.PersonBase] defined explicit @DiscriminatorColumn.  Legacy Hibernate behavior was to ignore the @DiscriminatorColumn.  However, as part of issue HHH-6911 we now apply the explicit @DiscriminatorColumn.  If you would prefer the legacy behavior, enable the `hibernate.discriminator.ignore_explicit_for_joined` setting (hibernate.discriminator.ignore_explicit_for_joined=true)
14:13:57,189  WARN SqlExceptionHelper:137 - SQL Error: 0, SQLState: 42P01
14:13:57,190 ERROR SqlExceptionHelper:142 - ERROR: relation "hibernate_sequence" does not exist
  Позиция: 17
14:40:27,159  WARN pooling:72 - HHH10001002: Using Hibernate built-in connection pool (not for production use!)
14:40:29,008  WARN SqlExceptionHelper:137 - SQL Error: 0, SQLState: 42P01
14:40:29,008 ERROR SqlExceptionHelper:142 - ERROR: relation "hibernate_sequence" does not exist
  Позиция: 17
14:41:19,900  WARN pooling:72 - HHH10001002: Using Hibernate built-in connection pool (not for production use!)
14:41:21,776  WARN SqlExceptionHelper:137 - SQL Error: 0, SQLState: 42P01
14:41:21,776 ERROR SqlExceptionHelper:142 - ERROR: relation "hibernate_sequence" does not exist
  Позиция: 17
14:43:12,395  WARN pooling:72 - HHH10001002: Using Hibernate built-in connection pool (not for production use!)
14:44:12,965  WARN pooling:72 - HHH10001002: Using Hibernate built-in connection pool (not for production use!)
14:50:18,056  WARN pooling:72 - HHH10001002: Using Hibernate built-in connection pool (not for production use!)
14:50:19,915  WARN SqlExceptionHelper:137 - SQL Error: 0, SQLState: 23505
14:50:19,916 ERROR SqlExceptionHelper:142 - ERROR: duplicate key value violates unique constraint "personaddress_pkey"
  Подробности: Key (id)=(2) already exists.
14:51:00,760  WARN pooling:72 - HHH10001002: Using Hibernate built-in connection pool (not for production use!)
14:51:31,621  WARN pooling:72 - HHH10001002: Using Hibernate built-in connection pool (not for production use!)
14:52:19,275  WARN pooling:72 - HHH10001002: Using Hibernate built-in connection pool (not for production use!)
14:55:20,268  WARN pooling:72 - HHH10001002: Using Hibernate built-in connection pool (not for production use!)
14:56:04,695  WARN pooling:72 - HHH10001002: Using Hibernate built-in connection pool (not for production use!)
14:58:52,052  WARN pooling:72 - HHH10001002: Using Hibernate built-in connection pool (not for production use!)
15:01:30,380  WARN pooling:72 - HHH10001002: Using Hibernate built-in connection pool (not for production use!)
15:01:32,173  WARN SqlExceptionHelper:137 - SQL Error: 0, SQLState: 23502
15:01:32,174 ERROR SqlExceptionHelper:142 - ERROR: null value in column "firstname" violates not-null constraint
  Подробности: Failing row contains (1, null, XKUQEYBXSF, UPPUGMLIAA, 04185, NIJFOJTJ, 8616358825, RAPVG@POJZAL.CA).
15:05:16,783  WARN pooling:72 - HHH10001002: Using Hibernate built-in connection pool (not for production use!)
15:05:18,533  WARN SqlExceptionHelper:137 - SQL Error: 0, SQLState: 23502
15:05:18,533 ERROR SqlExceptionHelper:142 - ERROR: null value in column "firstname" violates not-null constraint
  Подробности: Failing row contains (2, null, RNRCFBRYCZ, DLXDNRGZHY, 49317, RSENGTQO, 3117538106, QTVAP@QKGZIB.HT).
15:05:47,056  WARN pooling:72 - HHH10001002: Using Hibernate built-in connection pool (not for production use!)
15:08:19,007  WARN pooling:72 - HHH10001002: Using Hibernate built-in connection pool (not for production use!)
15:09:15,551  WARN pooling:72 - HHH10001002: Using Hibernate built-in connection pool (not for production use!)
15:09:49,164  WARN pooling:72 - HHH10001002: Using Hibernate built-in connection pool (not for production use!)
15:11:38,077  WARN pooling:72 - HHH10001002: Using Hibernate built-in connection pool (not for production use!)
15:13:02,851  WARN pooling:72 - HHH10001002: Using Hibernate built-in connection pool (not for production use!)
17:19:14,240  WARN pooling:72 - HHH10001002: Using Hibernate built-in connection pool (not for production use!)
17:20:28,594  WARN pooling:72 - HHH10001002: Using Hibernate built-in connection pool (not for production use!)
17:21:38,605  WARN pooling:72 - HHH10001002: Using Hibernate built-in connection pool (not for production use!)
17:22:02,765  WARN pooling:72 - HHH10001002: Using Hibernate built-in connection pool (not for production use!)
17:22:32,260  WARN pooling:72 - HHH10001002: Using Hibernate built-in connection pool (not for production use!)
17:23:51,617  WARN pooling:72 - HHH10001002: Using Hibernate built-in connection pool (not for production use!)
17:26:56,387  WARN pooling:72 - HHH10001002: Using Hibernate built-in connection pool (not for production use!)
17:30:00,633  WARN pooling:72 - HHH10001002: Using Hibernate built-in connection pool (not for production use!)
17:30:28,660  WARN pooling:72 - HHH10001002: Using Hibernate built-in connection pool (not for production use!)
17:30:45,903  WARN pooling:72 - HHH10001002: Using Hibernate built-in connection pool (not for production use!)
17:31:44,193  WARN pooling:72 - HHH10001002: Using Hibernate built-in connection pool (not for production use!)
17:36:07,492  WARN pooling:72 - HHH10001002: Using Hibernate built-in connection pool (not for production use!)
17:36:46,667  WARN pooling:72 - HHH10001002: Using Hibernate built-in connection pool (not for production use!)
17:39:10,977  WARN pooling:72 - HHH10001002: Using Hibernate built-in connection pool (not for production use!)
17:39:38,961  WARN pooling:72 - HHH10001002: Using Hibernate built-in connection pool (not for production use!)
17:40:16,473  WARN pooling:72 - HHH10001002: Using Hibernate built-in connection pool (not for production use!)
17:41:39,406  WARN pooling:72 - HHH10001002: Using Hibernate built-in connection pool (not for production use!)
17:45:11,806  WARN pooling:72 - HHH10001002: Using Hibernate built-in connection pool (not for production use!)
17:47:02,425  WARN pooling:72 - HHH10001002: Using Hibernate built-in connection pool (not for production use!)
17:47:20,700  WARN pooling:72 - HHH10001002: Using Hibernate built-in connection pool (not for production use!)
17:48:02,686  WARN pooling:72 - HHH10001002: Using Hibernate built-in connection pool (not for production use!)
17:48:26,485  WARN pooling:72 - HHH10001002: Using Hibernate built-in connection pool (not for production use!)
17:48:51,609  WARN pooling:72 - HHH10001002: Using Hibernate built-in connection pool (not for production use!)
17:52:17,658  WARN pooling:72 - HHH10001002: Using Hibernate built-in connection pool (not for production use!)
18:46:13,563  WARN pooling:72 - HHH10001002: Using Hibernate built-in connection pool (not for production use!)
18:46:15,587  WARN SqlExceptionHelper:137 - SQL Error: 0, SQLState: 42P01
18:46:15,587 ERROR SqlExceptionHelper:142 - ERROR: relation "person" does not exist
  Позиция: 13
18:58:58,115  WARN pooling:72 - HHH10001002: Using Hibernate built-in connection pool (not for production use!)
18:59:20,445  WARN pooling:72 - HHH10001002: Using Hibernate built-in connection pool (not for production use!)
18:59:55,684  WARN pooling:72 - HHH10001002: Using Hibernate built-in connection pool (not for production use!)
19:00:47,558  WARN pooling:72 - HHH10001002: Using Hibernate built-in connection pool (not for production use!)
19:01:11,001  WARN pooling:72 - HHH10001002: Using Hibernate built-in connection pool (not for production use!)
21:53:27,092  WARN pooling:72 - HHH10001002: Using Hibernate built-in connection pool (not for production use!)
21:53:29,440  WARN SqlExceptionHelper:137 - SQL Error: 0, SQLState: 42P01
21:53:29,440 ERROR SqlExceptionHelper:142 - ERROR: relation "personcol" does not exist
  Позиция: 13
21:54:02,130  WARN pooling:72 - HHH10001002: Using Hibernate built-in connection pool (not for production use!)
21:55:00,610  WARN pooling:72 - HHH10001002: Using Hibernate built-in connection pool (not for production use!)
22:02:13,931  WARN pooling:72 - HHH10001002: Using Hibernate built-in connection pool (not for production use!)
22:03:53,325  WARN pooling:72 - HHH10001002: Using Hibernate built-in connection pool (not for production use!)
22:05:22,092  WARN pooling:72 - HHH10001002: Using Hibernate built-in connection pool (not for production use!)
22:06:55,553  WARN pooling:72 - HHH10001002: Using Hibernate built-in connection pool (not for production use!)
22:07:20,915  WARN pooling:72 - HHH10001002: Using Hibernate built-in connection pool (not for production use!)
20:23:31,655  WARN pooling:72 - HHH10001002: Using Hibernate built-in connection pool (not for production use!)
20:23:47,402  WARN pooling:72 - HHH10001002: Using Hibernate built-in connection pool (not for production use!)
20:50:33,749  WARN pooling:72 - HHH10001002: Using Hibernate built-in connection pool (not for production use!)
20:51:24,006  WARN pooling:72 - HHH10001002: Using Hibernate built-in connection pool (not for production use!)
20:52:11,338  WARN pooling:72 - HHH10001002: Using Hibernate built-in connection pool (not for production use!)
21:49:18,447  WARN pooling:72 - HHH10001002: Using Hibernate built-in connection pool (not for production use!)
21:49:42,533  WARN pooling:72 - HHH10001002: Using Hibernate built-in connection pool (not for production use!)
21:55:57,638  WARN pooling:72 - HHH10001002: Using Hibernate built-in connection pool (not for production use!)
16:11:29,170  WARN pooling:72 - HHH10001002: Using Hibernate built-in connection pool (not for production use!)
17:44:46,031  WARN pooling:72 - HHH10001002: Using Hibernate built-in connection pool (not for production use!)
18:00:07,170  WARN pooling:72 - HHH10001002: Using Hibernate built-in connection pool (not for production use!)
22:59:22,725  WARN pooling:72 - HHH10001002: Using Hibernate built-in connection pool (not for production use!)
23:00:28,324  WARN pooling:72 - HHH10001002: Using Hibernate built-in connection pool (not for production use!)
23:01:16,924  WARN pooling:72 - HHH10001002: Using Hibernate built-in connection pool (not for production use!)
23:12:22,618  WARN pooling:72 - HHH10001002: Using Hibernate built-in connection pool (not for production use!)
23:14:11,643  WARN pooling:72 - HHH10001002: Using Hibernate built-in connection pool (not for production use!)
15:49:57,995  WARN pooling:72 - HHH10001002: Using Hibernate built-in connection pool (not for production use!)
15:55:46,300  WARN pooling:72 - HHH10001002: Using Hibernate built-in connection pool (not for production use!)
15:58:16,791  WARN pooling:72 - HHH10001002: Using Hibernate built-in connection pool (not for production use!)
15:58:59,354  WARN pooling:72 - HHH10001002: Using Hibernate built-in connection pool (not for production use!)
16:06:40,606  WARN pooling:72 - HHH10001002: Using Hibernate built-in connection pool (not for production use!)
16:07:49,847  WARN pooling:72 - HHH10001002: Using Hibernate built-in connection pool (not for production use!)
